{
  "stats": {
    "suites": 0,
    "tests": 0,
    "passes": 0,
    "pending": 0,
    "failures": 0,
    "start": "2026-06-12T07:44:45.603Z",
    "end": "2026-06-12T07:44:46.336Z",
    "duration": 733,
    "testsRegistered": 17,
    "passPercent": 0,
    "pendingPercent": 0,
    "other": 1,
    "hasOther": true,
    "skipped": 17,
    "hasSkipped": true
  },
  "results": [
    {
      "uuid": "34c3a36b-10bf-4312-bbf9-2ca0b934cede",
      "title": "",
      "fullFile": "",
      "file": "",
      "beforeHooks": [
        {
          "title": "\"before all\" hook in \"{root}\"",
          "fullTitle": "\"before all\" hook in \"{root}\"",
          "timedOut": false,
          "duration": 685,
          "state": "failed",
          "speed": null,
          "pass": false,
          "fail": true,
          "pending": false,
          "context": null,
          "code": "this.timeout(180000); // Allow time for emulator startup\nlogger.info('=== Starting Android E2E Test Suite Run ===');\nstartTime = Date.now();\n\n// Initialize the driver\nconst driver = await driverFactory.initDriver();\n\n// Cache device information for report\ntry {\n  const caps = await driver.getCapabilities();\n  executionResults.summary.deviceName = caps['appium:deviceName'] || caps.deviceName || 'Android Emulator';\n  executionResults.summary.androidVersion = caps['appium:platformVersion'] || caps.platformVersion || '13';\n} catch (err) {\n  logger.warn('Failed to retrieve device capabilities for report summary.');\n}",
          "err": {
            "message": "Error: Failed to create session.\nUnable to connect to \"http://127.0.0.1:4723/\", make sure browser driver is running on that address.\nIt seems like the service failed to start or is rejecting any connections.",
            "estack": "Error: Failed to create session.\nUnable to connect to \"http://127.0.0.1:4723/\", make sure browser driver is running on that address.\nIt seems like the service failed to start or is rejecting any connections.\n    at startWebDriverSession (file:///C:/Users/lokes/Downloads/smart-budget-v3/node_modules/webdriver/build/utils.js:69:15)\n    at process.processTicksAndRejections (node:internal/process/task_queues:104:5)\n    at async WebDriver.newSession (file:///C:/Users/lokes/Downloads/smart-budget-v3/node_modules/webdriver/build/index.js:19:45)\n    at async remote (file:///C:/Users/lokes/Downloads/smart-budget-v3/node_modules/webdriverio/build/index.js:46:22)\n    at async DriverFactory.initDriver (file:///C:/Users/lokes/Downloads/smart-budget-v3/drivers/driver.factory.js:92:21)\n    at async Context.<anonymous> (file:///C:/Users/lokes/Downloads/smart-budget-v3/tests/setup.js:45:18)",
            "diff": null
          },
          "uuid": "2a73649b-32c2-4095-8ba9-90199c929b08",
          "parentUUID": "34c3a36b-10bf-4312-bbf9-2ca0b934cede",
          "isHook": true,
          "skipped": false
        },
        {
          "title": "\"before each\" hook",
          "fullTitle": "\"before each\" hook",
          "timedOut": false,
          "duration": 0,
          "state": null,
          "speed": null,
          "pass": false,
          "fail": false,
          "pending": false,
          "context": null,
          "code": "this.currentTestStartTime = Date.now();\nlogger.info(`>>> Test Started: [${this.currentTest.title}]`);\nexecutionResults.logs.push({\n  timestamp: new Date().toISOString(),\n  testName: this.currentTest.title,\n  step: 'Test Initialized',\n  result: 'SUCCESS',\n  remarks: 'Ready to execute steps'\n});",
          "err": {},
          "uuid": "f8842f6b-be0e-4897-b3ed-43e666f44e50",
          "parentUUID": "34c3a36b-10bf-4312-bbf9-2ca0b934cede",
          "isHook": true,
          "skipped": false
        }
      ],
      "afterHooks": [
        {
          "title": "\"after all\" hook in \"{root}\"",
          "fullTitle": "\"after all\" hook in \"{root}\"",
          "timedOut": false,
          "duration": 40,
          "state": null,
          "speed": null,
          "pass": false,
          "fail": false,
          "pending": false,
          "context": null,
          "code": "this.timeout(60000);\nlogger.info('=== Ending Android E2E Test Suite Run ===');\n\n// Calculate total execution duration\nconst totalDurationMs = Date.now() - startTime;\nconst hours = String(Math.floor(totalDurationMs / 3600000)).padStart(2, '0');\nconst minutes = String(Math.floor((totalDurationMs % 3600000) / 60000)).padStart(2, '0');\nconst seconds = String(Math.floor((totalDurationMs % 60000) / 1000)).padStart(2, '0');\nexecutionResults.summary.executionDuration = `${hours}:${minutes}:${seconds}`;\n// Calculate pass percentage\nconst total = executionResults.summary.totalTests;\nconst passed = executionResults.summary.passed;\nexecutionResults.summary.passPercentage = total > 0 ? parseFloat(((passed / total) * 100).toFixed(2)) : 0;\n// Save raw results to JSON file for standalone generators\ntry {\n  fs.writeFileSync(\n    path.join(reportsDir, 'raw-results.json'),\n    JSON.stringify(executionResults, null, 2)\n  );\n  logger.info('Raw results JSON saved.');\n} catch (err) {\n  logger.error(`Failed to write raw-results.json: ${err.message}`);\n}\n// Generate Excel report\ntry {\n  await generateExcelReport(executionResults);\n} catch (err) {\n  logger.error(`Failed to compile Excel Report: ${err.stack}`);\n}\n// Terminate driver session\nawait driverFactory.quitDriver();",
          "err": {},
          "uuid": "fa17aa3a-f1bf-44fd-9520-d9926ed6f6e2",
          "parentUUID": "34c3a36b-10bf-4312-bbf9-2ca0b934cede",
          "isHook": true,
          "skipped": false
        },
        {
          "title": "\"after each\" hook",
          "fullTitle": "\"after each\" hook",
          "timedOut": false,
          "duration": 0,
          "state": null,
          "speed": null,
          "pass": false,
          "fail": false,
          "pending": false,
          "context": null,
          "code": "const durationMs = Date.now() - this.currentTestStartTime;\nconst durationSec = (durationMs / 1000).toFixed(2) + 's';\nconst driver = driverFactory.getDriver();\n\nconst testTitle = this.currentTest.title;\nconst testState = this.currentTest.state || 'skipped'; // passed, failed, or skipped\nconst moduleName = this.currentTest.parent.title || 'General';\nlogger.info(`<<< Test Finished: [${testTitle}] - Status: ${testState.toUpperCase()} - Duration: ${durationSec}`);\nexecutionResults.summary.totalTests++;\nif (testState === 'passed') {\n  executionResults.summary.passed++;\n} else if (testState === 'failed') {\n  executionResults.summary.failed++;\n} else {\n  executionResults.summary.skipped++;\n}\n// Record test details\nexecutionResults.tests.push({\n  id: `TC${String(executionResults.summary.totalTests).padStart(3, '0')}`,\n  module: moduleName,\n  scenario: testTitle,\n  device: executionResults.summary.deviceName,\n  status: testState === 'passed' ? 'Passed' : (testState === 'failed' ? 'Failed' : 'Skipped'),\n  startTime: new Date(this.currentTestStartTime).toLocaleTimeString(),\n  endTime: new Date().toLocaleTimeString(),\n  duration: durationSec\n});\n// Handle failure screenshot, logs and metadata\nif (testState === 'failed') {\n  const errMessage = this.currentTest.err ? this.currentTest.err.message : 'Unknown error';\n  const errStack = this.currentTest.err ? this.currentTest.err.stack : '';\n  \n  // File name friendly test title\n  const safeTitle = testTitle.replace(/[^a-z0-9]/gi, '_').toLowerCase();\n  const screenshotPath = path.join(failuresDir, `${safeTitle}_screenshot.png`);\n  const logsPath = path.join(failuresDir, `${safeTitle}_logcat.log`);\n  \n  let currentActivity = 'Unknown';\n  try {\n    currentActivity = await driver.getCurrentActivity();\n  } catch (e) {\n    logger.warn(`Could not fetch current activity on failure: ${e.message}`);\n  }\n  // Capture screenshot\n  try {\n    await driver.saveScreenshot(screenshotPath);\n    logger.info(`Screenshot captured for failed test: ${screenshotPath}`);\n  } catch (err) {\n    logger.error(`Failed to capture screenshot: ${err.message}`);\n  }\n  // Capture logcat logs\n  try {\n    const logs = await driver.getLogs('logcat');\n    const logString = logs.map(l => `[${new Date(l.timestamp).toISOString()}] [${l.level}] ${l.message}`).join('\\n');\n    fs.writeFileSync(logsPath, logString);\n    logger.info(`Logcat logs dumped to: ${logsPath}`);\n  } catch (err) {\n    logger.warn(`Failed to capture logcat logs: ${err.message}`);\n  }\n  executionResults.failures.push({\n    name: testTitle,\n    reason: errMessage,\n    screenshotPath: screenshotPath,\n    device: executionResults.summary.deviceName,\n    androidVersion: executionResults.summary.androidVersion,\n    activityName: currentActivity\n  });\n  executionResults.logs.push({\n    timestamp: new Date().toISOString(),\n    testName: testTitle,\n    step: 'Test Execution Failure Handled',\n    result: 'FAILED',\n    remarks: `Error: ${errMessage}. Activity: ${currentActivity}. Stack: ${errStack}`\n  });\n} else {\n  executionResults.logs.push({\n    timestamp: new Date().toISOString(),\n    testName: testTitle,\n    step: 'Test Execution Success',\n    result: 'SUCCESS',\n    remarks: 'All assertions verified'\n  });\n}",
          "err": {},
          "uuid": "bc43fd2b-30b2-4efe-af87-8a1453c22ede",
          "parentUUID": "34c3a36b-10bf-4312-bbf9-2ca0b934cede",
          "isHook": true,
          "skipped": false
        }
      ],
      "tests": [],
      "suites": [
        {
          "uuid": "36f12ecb-cbd2-44dc-9c48-3d16765269bc",
          "title": "Authentication Flow E2E Tests",
          "fullFile": "C:\\Users\\lokes\\Downloads\\smart-budget-v3\\tests\\auth.test.js",
          "file": "\\tests\\auth.test.js",
          "beforeHooks": [
            {
              "title": "\"before all\" hook",
              "fullTitle": "Authentication Flow E2E Tests \"before all\" hook",
              "timedOut": false,
              "duration": 0,
              "state": null,
              "speed": null,
              "pass": false,
              "fail": false,
              "pending": false,
              "context": null,
              "code": "// Assert page loaded\nconst loaded = await loginPage.isLoaded();\nexpect(loaded).to.be.true;\nlogger.info('Login Page loaded successfully.');",
              "err": {},
              "uuid": "5337a5c6-0682-42d3-b2b3-cbe07a9638ee",
              "parentUUID": null,
              "isHook": true,
              "skipped": false
            }
          ],
          "afterHooks": [],
          "tests": [
            {
              "title": "TC_AUTH_001 - Should validate empty username input",
              "fullTitle": "Authentication Flow E2E Tests TC_AUTH_001 - Should validate empty username input",
              "timedOut": false,
              "duration": 0,
              "state": null,
              "speed": null,
              "pass": false,
              "fail": false,
              "pending": false,
              "context": null,
              "code": "const data = testData.auth.emptyUsername;\nlogger.info('Running authentication check: empty username.');\n\nawait loginPage.login(data.username, data.password);\n\n// Capture element warning validation error text\nconst errorText = await loginPage.getUsernameErrorText();\nexpect(errorText).to.equal(data.expectedUsernameError);",
              "err": {},
              "uuid": "c2afdca5-ad16-48b7-9a16-cd49f9035a90",
              "parentUUID": null,
              "isHook": false,
              "skipped": true
            },
            {
              "title": "TC_AUTH_002 - Should validate empty password input",
              "fullTitle": "Authentication Flow E2E Tests TC_AUTH_002 - Should validate empty password input",
              "timedOut": false,
              "duration": 0,
              "state": null,
              "speed": null,
              "pass": false,
              "fail": false,
              "pending": false,
              "context": null,
              "code": "const data = testData.auth.emptyPassword;\nlogger.info('Running authentication check: empty password.');\n\nawait loginPage.login(data.username, data.password);\n\nconst errorText = await loginPage.getPasswordErrorText();\nexpect(errorText).to.equal(data.expectedPasswordError);",
              "err": {},
              "uuid": "82ff37d9-3c8c-4f94-9c54-56431e2acf86",
              "parentUUID": null,
              "isHook": false,
              "skipped": true
            },
            {
              "title": "TC_AUTH_003 - Should validate invalid credentials and error banners",
              "fullTitle": "Authentication Flow E2E Tests TC_AUTH_003 - Should validate invalid credentials and error banners",
              "timedOut": false,
              "duration": 0,
              "state": null,
              "speed": null,
              "pass": false,
              "fail": false,
              "pending": false,
              "context": null,
              "code": "const data = testData.auth.invalidCredentials;\nlogger.info('Running authentication check: invalid credentials.');\n\nawait loginPage.login(data.username, data.password);\n\nconst errorText = await loginPage.getAuthErrorText();\nexpect(errorText).to.contain(data.expectedAuthError);",
              "err": {},
              "uuid": "c96ed29e-d467-4cd9-8622-efc83d320a01",
              "parentUUID": null,
              "isHook": false,
              "skipped": true
            },
            {
              "title": "TC_AUTH_004 - Should perform successful user login & dashboard navigation",
              "fullTitle": "Authentication Flow E2E Tests TC_AUTH_004 - Should perform successful user login & dashboard navigation",
              "timedOut": false,
              "duration": 0,
              "state": null,
              "speed": null,
              "pass": false,
              "fail": false,
              "pending": false,
              "context": null,
              "code": "const data = testData.auth.validCredentials;\nlogger.info('Running authentication check: valid credentials.');\nconst appLaunchStart = Date.now();\nawait loginPage.login(data.username, data.password);\n\n// Verify dashboard displays\nconst isDashboard = await dashboardPage.isLoaded();\nconst appLaunchDuration = Date.now() - appLaunchStart;\n\nlogger.info(`App Login & Load time: ${appLaunchDuration}ms`);\nexpect(isDashboard).to.be.true;",
              "err": {},
              "uuid": "7d4da23a-f162-4841-8a9d-961f867e4ea8",
              "parentUUID": null,
              "isHook": false,
              "skipped": true
            },
            {
              "title": "TC_AUTH_005 - Should verify session persistence on app relaunch",
              "fullTitle": "Authentication Flow E2E Tests TC_AUTH_005 - Should verify session persistence on app relaunch",
              "timedOut": false,
              "duration": 0,
              "state": null,
              "speed": null,
              "pass": false,
              "fail": false,
              "pending": false,
              "context": null,
              "code": "logger.info('Running session persistence check...');\n\n// Relaunch the app without resetting the state (simulated session persistence check)\nawait loginPage.driver.backgroundApp(3); // Backgrounds app for 3 seconds and restores it\n\nconst isDashboard = await dashboardPage.isLoaded();\nexpect(isDashboard).to.be.true;",
              "err": {},
              "uuid": "1055cd9f-e227-49ce-8f73-65017ee63a09",
              "parentUUID": null,
              "isHook": false,
              "skipped": true
            },
            {
              "title": "TC_AUTH_006 - Should validate logout and return to login screen",
              "fullTitle": "Authentication Flow E2E Tests TC_AUTH_006 - Should validate logout and return to login screen",
              "timedOut": false,
              "duration": 0,
              "state": null,
              "speed": null,
              "pass": false,
              "fail": false,
              "pending": false,
              "context": null,
              "code": "logger.info('Running logout checks...');\n\nawait dashboardPage.logout();\n\nconst isLoginLoaded = await loginPage.isLoaded();\nexpect(isLoginLoaded).to.be.true;",
              "err": {},
              "uuid": "d41e768c-997a-4bba-badd-bd3a2a49759e",
              "parentUUID": null,
              "isHook": false,
              "skipped": true
            }
          ],
          "suites": [],
          "passes": [],
          "failures": [],
          "pending": [],
          "skipped": [
            "c2afdca5-ad16-48b7-9a16-cd49f9035a90",
            "82ff37d9-3c8c-4f94-9c54-56431e2acf86",
            "c96ed29e-d467-4cd9-8622-efc83d320a01",
            "7d4da23a-f162-4841-8a9d-961f867e4ea8",
            "1055cd9f-e227-49ce-8f73-65017ee63a09",
            "d41e768c-997a-4bba-badd-bd3a2a49759e"
          ],
          "duration": 0,
          "root": false,
          "rootEmpty": false,
          "_timeout": 60000
        },
        {
          "uuid": "483f5c8f-8d8c-476c-8790-b360eb4fb935",
          "title": "Form Validation E2E Tests",
          "fullFile": "C:\\Users\\lokes\\Downloads\\smart-budget-v3\\tests\\form.test.js",
          "file": "\\tests\\form.test.js",
          "beforeHooks": [
            {
              "title": "\"before all\" hook",
              "fullTitle": "Form Validation E2E Tests \"before all\" hook",
              "timedOut": false,
              "duration": 0,
              "state": null,
              "speed": null,
              "pass": false,
              "fail": false,
              "pending": false,
              "context": null,
              "code": "// Authenticate first and navigate to forms module\nlogger.info('Authenticating to reach form validations...');\nawait loginPage.login(testData.auth.validCredentials.username, testData.auth.validCredentials.password);\nawait dashboardPage.navigateToForms();",
              "err": {},
              "uuid": "6bdafe92-6064-46dc-8d90-047caafe51c3",
              "parentUUID": null,
              "isHook": true,
              "skipped": false
            }
          ],
          "afterHooks": [
            {
              "title": "\"after all\" hook",
              "fullTitle": "Form Validation E2E Tests \"after all\" hook",
              "timedOut": false,
              "duration": 0,
              "state": null,
              "speed": null,
              "pass": false,
              "fail": false,
              "pending": false,
              "context": null,
              "code": "// Return to dashboard for cleanup\nawait dashboardPage.driver.back();",
              "err": {},
              "uuid": "efcb4f6e-68a1-46ec-8de3-f2969d62f40c",
              "parentUUID": null,
              "isHook": true,
              "skipped": false
            }
          ],
          "tests": [
            {
              "title": "TC_FORM_001 - Should validate incorrect email format",
              "fullTitle": "Form Validation E2E Tests TC_FORM_001 - Should validate incorrect email format",
              "timedOut": false,
              "duration": 0,
              "state": null,
              "speed": null,
              "pass": false,
              "fail": false,
              "pending": false,
              "context": null,
              "code": "const data = testData.formValidations.invalidEmail;\nlogger.info('Testing email format validation...');\n\nawait formPage.fillForm(data);\nawait formPage.submit();\n\nconst errorText = await formPage.getEmailErrorText();\nexpect(errorText).to.equal(data.expectedEmailError);",
              "err": {},
              "uuid": "a19dcef9-feb7-4882-8b0b-f47573b7ea0b",
              "parentUUID": null,
              "isHook": false,
              "skipped": true
            },
            {
              "title": "TC_FORM_002 - Should validate phone numbers constraints",
              "fullTitle": "Form Validation E2E Tests TC_FORM_002 - Should validate phone numbers constraints",
              "timedOut": false,
              "duration": 0,
              "state": null,
              "speed": null,
              "pass": false,
              "fail": false,
              "pending": false,
              "context": null,
              "code": "const data = testData.formValidations.invalidPhone;\nlogger.info('Testing phone digits validation...');\n\nawait formPage.fillForm(data);\nawait formPage.submit();\n\nconst errorText = await formPage.getPhoneErrorText();\nexpect(errorText).to.equal(data.expectedPhoneError);",
              "err": {},
              "uuid": "14db5e9b-31b2-4ea9-ad57-f32d6b90ff2a",
              "parentUUID": null,
              "isHook": false,
              "skipped": true
            },
            {
              "title": "TC_FORM_003 - Should validate password strength requirement checks",
              "fullTitle": "Form Validation E2E Tests TC_FORM_003 - Should validate password strength requirement checks",
              "timedOut": false,
              "duration": 0,
              "state": null,
              "speed": null,
              "pass": false,
              "fail": false,
              "pending": false,
              "context": null,
              "code": "const data = testData.formValidations.weakPassword;\nlogger.info('Testing password complexity validations...');\n\nawait formPage.fillForm(data);\nawait formPage.submit();\n\nconst errorText = await formPage.getPasswordErrorText();\nexpect(errorText).to.equal(data.expectedPasswordError);",
              "err": {},
              "uuid": "f770e9f9-9d44-4166-831c-a14a6b869fb4",
              "parentUUID": null,
              "isHook": false,
              "skipped": true
            },
            {
              "title": "TC_FORM_004 - Should validate mandatory checkbox selections",
              "fullTitle": "Form Validation E2E Tests TC_FORM_004 - Should validate mandatory checkbox selections",
              "timedOut": false,
              "duration": 0,
              "state": null,
              "speed": null,
              "pass": false,
              "fail": false,
              "pending": false,
              "context": null,
              "code": "const data = testData.formValidations.uncheckedTerms;\nlogger.info('Testing unchecked terms checkbox validation...');\n\nawait formPage.fillForm(data);\nawait formPage.submit();\n\nconst errorText = await formPage.getCheckboxErrorText();\nexpect(errorText).to.equal(data.expectedCheckboxError);",
              "err": {},
              "uuid": "b218fdc3-19aa-47fc-a6d8-9e658ca36eda",
              "parentUUID": null,
              "isHook": false,
              "skipped": true
            },
            {
              "title": "TC_FORM_005 - Should submit form successfully with valid inputs, dates, & dropdowns",
              "fullTitle": "Form Validation E2E Tests TC_FORM_005 - Should submit form successfully with valid inputs, dates, & dropdowns",
              "timedOut": false,
              "duration": 0,
              "state": null,
              "speed": null,
              "pass": false,
              "fail": false,
              "pending": false,
              "context": null,
              "code": "const data = testData.formValidations.validSubmission;\nlogger.info('Testing standard valid form submission...');\n\nawait formPage.fillForm(data);\n\n// Test custom Android widgets\nlogger.info('Testing date picker and calendar views...');\nawait formPage.setCalendarDay('15');\n\nawait formPage.submit();\n\n// Capture toast notification confirmation\nconst toastMsg = await formPage.getToastMessage();\nexpect(toastMsg).to.contain('Form Submitted Successfully');",
              "err": {},
              "uuid": "c2420ac6-20a1-4745-9c36-1b65bcbef8a3",
              "parentUUID": null,
              "isHook": false,
              "skipped": true
            }
          ],
          "suites": [],
          "passes": [],
          "failures": [],
          "pending": [],
          "skipped": [
            "a19dcef9-feb7-4882-8b0b-f47573b7ea0b",
            "14db5e9b-31b2-4ea9-ad57-f32d6b90ff2a",
            "f770e9f9-9d44-4166-831c-a14a6b869fb4",
            "b218fdc3-19aa-47fc-a6d8-9e658ca36eda",
            "c2420ac6-20a1-4745-9c36-1b65bcbef8a3"
          ],
          "duration": 0,
          "root": false,
          "rootEmpty": false,
          "_timeout": 60000
        },
        {
          "uuid": "4e87f8b8-568f-4758-bf88-dd8eed05077b",
          "title": "Mobile UI Components and Gesture Tests",
          "fullFile": "C:\\Users\\lokes\\Downloads\\smart-budget-v3\\tests\\ui.test.js",
          "file": "\\tests\\ui.test.js",
          "beforeHooks": [
            {
              "title": "\"before all\" hook",
              "fullTitle": "Mobile UI Components and Gesture Tests \"before all\" hook",
              "timedOut": false,
              "duration": 0,
              "state": null,
              "speed": null,
              "pass": false,
              "fail": false,
              "pending": false,
              "context": null,
              "code": "logger.info('Authenticating user for UI gestures testing...');\nawait loginPage.login(testData.auth.validCredentials.username, testData.auth.validCredentials.password);",
              "err": {},
              "uuid": "dea4a12c-a023-4b24-ac6e-1a8493488ae1",
              "parentUUID": null,
              "isHook": true,
              "skipped": false
            }
          ],
          "afterHooks": [
            {
              "title": "\"after all\" hook",
              "fullTitle": "Mobile UI Components and Gesture Tests \"after all\" hook",
              "timedOut": false,
              "duration": 0,
              "state": null,
              "speed": null,
              "pass": false,
              "fail": false,
              "pending": false,
              "context": null,
              "code": "// Return app to dashboard state\nawait dashboardPage.driver.pause(1000);",
              "err": {},
              "uuid": "942924e9-e06e-4b37-8136-3c31f2527630",
              "parentUUID": null,
              "isHook": true,
              "skipped": false
            }
          ],
          "tests": [
            {
              "title": "TC_UI_001 - Should perform and validate Swipe gestures",
              "fullTitle": "Mobile UI Components and Gesture Tests TC_UI_001 - Should perform and validate Swipe gestures",
              "timedOut": false,
              "duration": 0,
              "state": null,
              "speed": null,
              "pass": false,
              "fail": false,
              "pending": false,
              "context": null,
              "code": "logger.info('Executing Swipe Left and Swipe Right...');\n// Swipe left to open side metrics or transaction graphs\nawait gestureUtils.swipeLeft();\nlogger.info('Swiped Left successfully.');\n\n// Swipe back to the main layout\nawait gestureUtils.swipeRight();\nlogger.info('Swiped Right successfully.');",
              "err": {},
              "uuid": "e0b3a82f-38eb-405b-804c-979d7709e0dd",
              "parentUUID": null,
              "isHook": false,
              "skipped": true
            },
            {
              "title": "TC_UI_002 - Should perform Double Tap & Long Press on target controls",
              "fullTitle": "Mobile UI Components and Gesture Tests TC_UI_002 - Should perform Double Tap & Long Press on target controls",
              "timedOut": false,
              "duration": 0,
              "state": null,
              "speed": null,
              "pass": false,
              "fail": false,
              "pending": false,
              "context": null,
              "code": "// Locate target widget (e.g. quick expense card or quick menu item)\nconst quickMetricCard = 'id=com.example.app:id/quick_metric_card';\n\nlogger.info('Executing Double Tap on card element...');\nconst cardElement = await dashboardPage.waitForVisible(quickMetricCard);\nawait gestureUtils.doubleTap(cardElement);\n\nlogger.info('Executing Long Press on card element...');\nawait gestureUtils.longPress(cardElement, 2000);",
              "err": {},
              "uuid": "89b9d39e-5f71-43ac-b22f-5a6ad9e6a7d9",
              "parentUUID": null,
              "isHook": false,
              "skipped": true
            },
            {
              "title": "TC_UI_003 - Should scroll RecyclerView layout until a target card is visible",
              "fullTitle": "Mobile UI Components and Gesture Tests TC_UI_003 - Should scroll RecyclerView layout until a target card is visible",
              "timedOut": false,
              "duration": 0,
              "state": null,
              "speed": null,
              "pass": false,
              "fail": false,
              "pending": false,
              "context": null,
              "code": "// Scroll list down to locate transaction cards or buttons\nconst transactionIdLocator = '//android.widget.TextView[@text=\"Transaction ID: #4829\"]';\n\nlogger.info('Scrolling list to find a deep transaction item...');\nconst targetElement = await gestureUtils.scrollUntilVisible(transactionIdLocator, 'down', 8);\nexpect(await targetElement.isDisplayed()).to.be.true;",
              "err": {},
              "uuid": "6535f6f2-33fc-47ae-9839-50d843ee2b35",
              "parentUUID": null,
              "isHook": false,
              "skipped": true
            },
            {
              "title": "TC_UI_004 - Should perform Drag and Drop operations",
              "fullTitle": "Mobile UI Components and Gesture Tests TC_UI_004 - Should perform Drag and Drop operations",
              "timedOut": false,
              "duration": 0,
              "state": null,
              "speed": null,
              "pass": false,
              "fail": false,
              "pending": false,
              "context": null,
              "code": "const sourceWidget = 'id=com.example.app:id/drag_source';\nconst targetWidget = 'id=com.example.app:id/drag_target';\n\nlogger.info('Waiting for draggable components...');\nconst source = await dashboardPage.waitForVisible(sourceWidget);\nconst target = await dashboardPage.waitForVisible(targetWidget);\n\nlogger.info('Executing Drag and Drop interaction...');\nawait gestureUtils.dragAndDrop(source, target);",
              "err": {},
              "uuid": "aee78450-f7f9-44a4-9a08-26692acc8528",
              "parentUUID": null,
              "isHook": false,
              "skipped": true
            },
            {
              "title": "TC_UI_005 - Should perform Pinch & Zoom gestures on visual analytics components",
              "fullTitle": "Mobile UI Components and Gesture Tests TC_UI_005 - Should perform Pinch & Zoom gestures on visual analytics components",
              "timedOut": false,
              "duration": 0,
              "state": null,
              "speed": null,
              "pass": false,
              "fail": false,
              "pending": false,
              "context": null,
              "code": "const analyticsChart = 'id=com.example.app:id/savings_progress_chart';\n\nlogger.info('Locating analytics graph component...');\nconst chart = await dashboardPage.waitForVisible(analyticsChart);\n\nlogger.info('Performing Zoom-in gesture...');\nawait gestureUtils.zoom(chart);\n\nlogger.info('Performing Pinch-out gesture...');\nawait gestureUtils.pinch(chart);",
              "err": {},
              "uuid": "3e751bac-767c-4a64-9c62-2327e6e94860",
              "parentUUID": null,
              "isHook": false,
              "skipped": true
            },
            {
              "title": "TC_UI_006 - Should assert alerts, toasts, snackbars, and progress bar state transitions",
              "fullTitle": "Mobile UI Components and Gesture Tests TC_UI_006 - Should assert alerts, toasts, snackbars, and progress bar state transitions",
              "timedOut": false,
              "duration": 0,
              "state": null,
              "speed": null,
              "pass": false,
              "fail": false,
              "pending": false,
              "context": null,
              "code": "// Trigger loading spinner overlay\nconst refreshBtn = 'id=com.example.app:id/refresh_dashboard_btn';\nconst progressBar = 'id=com.example.app:id/dashboard_progress_bar';\n\nlogger.info('Clicking Refresh to trigger loading dialogs...');\nawait dashboardPage.clickElement(refreshBtn);\n\n// Check loading indicator shows up\nconst spinnerVisible = await dashboardPage.isElementVisible(progressBar);\nlogger.info(`Refresh Spinner Visible: ${spinnerVisible}`);\n\n// Wait for loader to disappear\nconst driver = dashboardPage.driver;\nawait driver.waitUntil(\n  async () => (await dashboardPage.isElementVisible(progressBar)) === false,\n  { timeout: 8000, timeoutMsg: 'Progress spinner did not dismiss within timeout.' }\n);\n\nlogger.info('Refresh completed, loading spinner hidden.');",
              "err": {},
              "uuid": "6c1e288e-27e3-4f01-951c-5705199bbf52",
              "parentUUID": null,
              "isHook": false,
              "skipped": true
            }
          ],
          "suites": [],
          "passes": [],
          "failures": [],
          "pending": [],
          "skipped": [
            "e0b3a82f-38eb-405b-804c-979d7709e0dd",
            "89b9d39e-5f71-43ac-b22f-5a6ad9e6a7d9",
            "6535f6f2-33fc-47ae-9839-50d843ee2b35",
            "aee78450-f7f9-44a4-9a08-26692acc8528",
            "3e751bac-767c-4a64-9c62-2327e6e94860",
            "6c1e288e-27e3-4f01-951c-5705199bbf52"
          ],
          "duration": 0,
          "root": false,
          "rootEmpty": false,
          "_timeout": 90000
        }
      ],
      "passes": [],
      "failures": [],
      "pending": [],
      "skipped": [],
      "duration": 0,
      "root": true,
      "rootEmpty": true,
      "_timeout": 120000
    }
  ],
  "meta": {
    "mocha": {
      "version": "10.8.2"
    },
    "mochawesome": {
      "options": {
        "quiet": false,
        "reportFilename": "mochawesome",
        "saveHtml": true,
        "saveJson": true,
        "consoleReporter": "spec",
        "useInlineDiffs": false,
        "code": true
      },
      "version": "7.1.4"
    },
    "marge": {
      "options": {
        "reportDir": "reports",
        "reportFilename": "mochawesome",
        "html": "true",
        "json": "true"
      },
      "version": "6.3.2"
    }
  }
}