{
  "stats": {
    "suites": 0,
    "tests": 0,
    "passes": 0,
    "pending": 0,
    "failures": 0,
    "start": "2026-06-13T06:37:12.453Z",
    "end": "2026-06-13T06:37:13.164Z",
    "duration": 711,
    "testsRegistered": 17,
    "passPercent": 0,
    "pendingPercent": 0,
    "other": 1,
    "hasOther": true,
    "skipped": 17,
    "hasSkipped": true
  },
  "results": [
    {
      "uuid": "77f6cc67-786b-47f1-85ad-ba78dfc3ca79",
      "title": "",
      "fullFile": "",
      "file": "",
      "beforeHooks": [
        {
          "title": "\"before all\" hook in \"{root}\"",
          "fullTitle": "\"before all\" hook in \"{root}\"",
          "timedOut": false,
          "duration": 642,
          "state": "failed",
          "speed": null,
          "pass": false,
          "fail": true,
          "pending": false,
          "context": null,
          "code": "this.timeout(180000); // Allow time for emulator startup\nlogger.info('=== Starting Android E2E Test Suite Run ===');\nstartTime = Date.now();\n\n// Initialize the driver\nconst startLaunch = Date.now();\nconst driver = await driverFactory.initDriver();\nconst launchDuration = Date.now() - startLaunch;\n\n// Cache device information for report\ntry {\n  const caps = await driver.getCapabilities();\n  executionResults.summary.deviceName = caps['appium:deviceName'] || caps.deviceName || 'Android Emulator';\n  executionResults.summary.androidVersion = caps['appium:platformVersion'] || caps.platformVersion || '13';\n} catch (err) {\n  logger.warn('Failed to retrieve device capabilities for report summary.');\n}\nrecordPerformanceMetric('App Launch Time', 'System/Driver Initializer', launchDuration, `Successfully initialized driver on ${executionResults.summary.deviceName}`);",
          "err": {
            "message": "Error: Failed to create session.\nUnable to connect to \"http://127.0.0.1:4723/\", make sure browser driver is running on that address.\nIt seems like the service failed to start or is rejecting any connections.",
            "estack": "Error: Failed to create session.\nUnable to connect to \"http://127.0.0.1:4723/\", make sure browser driver is running on that address.\nIt seems like the service failed to start or is rejecting any connections.\n    at startWebDriverSession (file:///C:/Users/Amrutha/Downloads/pdd/Smart-budget/node_modules/webdriver/build/utils.js:69:15)\n    at process.processTicksAndRejections (node:internal/process/task_queues:104:5)\n    at async WebDriver.newSession (file:///C:/Users/Amrutha/Downloads/pdd/Smart-budget/node_modules/webdriver/build/index.js:19:45)\n    at async remote (file:///C:/Users/Amrutha/Downloads/pdd/Smart-budget/node_modules/webdriverio/build/index.js:46:22)\n    at async DriverFactory.initDriver (file:///C:/Users/Amrutha/Downloads/pdd/Smart-budget/drivers/driver.factory.js:92:21)\n    at async Context.<anonymous> (file:///C:/Users/Amrutha/Downloads/pdd/Smart-budget/tests/setup.js:66:18)",
            "diff": null
          },
          "uuid": "2cb94d59-4f53-4138-8936-5df9d68be0ab",
          "parentUUID": "77f6cc67-786b-47f1-85ad-ba78dfc3ca79",
          "isHook": true,
          "skipped": false
        },
        {
          "title": "\"before each\" hook",
          "fullTitle": "\"before each\" hook",
          "timedOut": false,
          "duration": 0,
          "state": null,
          "speed": null,
          "pass": false,
          "fail": false,
          "pending": false,
          "context": null,
          "code": "this.currentTestStartTime = Date.now();\nlogger.info(`>>> Test Started: [${this.currentTest.title}]`);\nexecutionResults.logs.push({\n  timestamp: new Date().toISOString(),\n  testName: this.currentTest.title,\n  step: 'Test Initialized',\n  result: 'SUCCESS',\n  remarks: 'Ready to execute steps'\n});",
          "err": {},
          "uuid": "38f96675-9fd4-43bd-b4f7-d226be78eff5",
          "parentUUID": "77f6cc67-786b-47f1-85ad-ba78dfc3ca79",
          "isHook": true,
          "skipped": false
        }
      ],
      "afterHooks": [
        {
          "title": "\"after all\" hook in \"{root}\"",
          "fullTitle": "\"after all\" hook in \"{root}\"",
          "timedOut": false,
          "duration": 61,
          "state": null,
          "speed": null,
          "pass": false,
          "fail": false,
          "pending": false,
          "context": null,
          "code": "this.timeout(60000);\nlogger.info('=== Ending Android E2E Test Suite Run ===');\n\n// Calculate total execution duration\nconst totalDurationMs = Date.now() - startTime;\nconst hours = String(Math.floor(totalDurationMs / 3600000)).padStart(2, '0');\nconst minutes = String(Math.floor((totalDurationMs % 3600000) / 60000)).padStart(2, '0');\nconst seconds = String(Math.floor((totalDurationMs % 60000) / 1000)).padStart(2, '0');\nexecutionResults.summary.executionDuration = `${hours}:${minutes}:${seconds}`;\n// Calculate pass percentage\nconst total = executionResults.summary.totalTests;\nconst passed = executionResults.summary.passed;\nexecutionResults.summary.passPercentage = total > 0 ? parseFloat(((passed / total) * 100).toFixed(2)) : 0;\n// Save raw results to JSON file for standalone generators\ntry {\n  fs.writeFileSync(\n    path.join(reportsDir, 'raw-results.json'),\n    JSON.stringify(executionResults, null, 2)\n  );\n  logger.info('Raw results JSON saved.');\n} catch (err) {\n  logger.error(`Failed to write raw-results.json: ${err.message}`);\n}\n// Generate Excel report\ntry {\n  await generateExcelReport(executionResults);\n} catch (err) {\n  logger.error(`Failed to compile Excel Report: ${err.stack}`);\n}\n// Terminate driver session\nawait driverFactory.quitDriver();",
          "err": {},
          "uuid": "13ab9b6a-459a-4699-aac6-160b16c5f592",
          "parentUUID": "77f6cc67-786b-47f1-85ad-ba78dfc3ca79",
          "isHook": true,
          "skipped": false
        },
        {
          "title": "\"after each\" hook",
          "fullTitle": "\"after each\" hook",
          "timedOut": false,
          "duration": 0,
          "state": null,
          "speed": null,
          "pass": false,
          "fail": false,
          "pending": false,
          "context": null,
          "code": "const durationMs = Date.now() - this.currentTestStartTime;\nconst durationSec = (durationMs / 1000).toFixed(2) + 's';\nconst driver = driverFactory.getDriver();\n\nconst testTitle = this.currentTest.title;\nconst testState = this.currentTest.state || 'skipped'; // passed, failed, or skipped\nconst moduleName = this.currentTest.parent.title || 'General';\nlogger.info(`<<< Test Finished: [${testTitle}] - Status: ${testState.toUpperCase()} - Duration: ${durationSec}`);\nexecutionResults.summary.totalTests++;\nif (testState === 'passed') {\n  executionResults.summary.passed++;\n} else if (testState === 'failed') {\n  executionResults.summary.failed++;\n} else {\n  executionResults.summary.skipped++;\n}\n// Record test details\nexecutionResults.tests.push({\n  id: `TC${String(executionResults.summary.totalTests).padStart(3, '0')}`,\n  module: moduleName,\n  scenario: testTitle,\n  device: executionResults.summary.deviceName,\n  status: testState === 'passed' ? 'Passed' : (testState === 'failed' ? 'Failed' : 'Skipped'),\n  startTime: new Date(this.currentTestStartTime).toLocaleTimeString(),\n  endTime: new Date().toLocaleTimeString(),\n  duration: durationSec\n});\n// Handle failure screenshot, logs and metadata\nif (testState === 'failed') {\n  const errMessage = this.currentTest.err ? this.currentTest.err.message : 'Unknown error';\n  const errStack = this.currentTest.err ? this.currentTest.err.stack : '';\n  \n  // File name friendly test title\n  const safeTitle = testTitle.replace(/[^a-z0-9]/gi, '_').toLowerCase();\n  const screenshotPath = path.join(failuresDir, `${safeTitle}_screenshot.png`);\n  const logsPath = path.join(failuresDir, `${safeTitle}_logcat.log`);\n  \n  let currentActivity = 'Unknown';\n  let isCrash = false;\n  let crashDetails = 'Assertion or expectation failure';\n  try {\n    currentActivity = await driver.getCurrentActivity();\n    if (currentActivity && (currentActivity.includes('Crash') || currentActivity.includes('error') || currentActivity.includes('ANR'))) {\n      isCrash = true;\n      crashDetails = `Active Android crash dialog or window: ${currentActivity}`;\n    }\n  } catch (e) {\n    isCrash = true;\n    crashDetails = `Application driver connection lost (suspected app crash): ${e.message}`;\n    logger.warn(`Could not fetch current activity on failure: ${e.message}`);\n  }\n  // Capture screenshot\n  if (!isCrash || driver) {\n    try {\n      await driver.saveScreenshot(screenshotPath);\n      logger.info(`Screenshot captured for failed test: ${screenshotPath}`);\n    } catch (err) {\n      logger.error(`Failed to capture screenshot: ${err.message}`);\n    }\n  }\n  // Capture logcat logs\n  if (!isCrash || driver) {\n    try {\n      const logs = await driver.getLogs('logcat');\n      const logString = logs.map(l => `[${new Date(l.timestamp).toISOString()}] [${l.level}] ${l.message}`).join('\\n');\n      fs.writeFileSync(logsPath, logString);\n      logger.info(`Logcat logs dumped to: ${logsPath}`);\n    } catch (err) {\n      logger.warn(`Failed to capture logcat logs: ${err.message}`);\n    }\n  }\n  executionResults.failures.push({\n    name: testTitle,\n    reason: errMessage,\n    screenshotPath: screenshotPath,\n    device: executionResults.summary.deviceName,\n    androidVersion: executionResults.summary.androidVersion,\n    activityName: currentActivity\n  });\n  executionResults.logs.push({\n    timestamp: new Date().toISOString(),\n    testName: testTitle,\n    step: 'Test Execution Failure Handled',\n    result: 'FAILED',\n    remarks: `Error: ${errMessage}. Activity: ${currentActivity}. Stack: ${errStack}`\n  });\n  recordPerformanceMetric('Crash Event', testTitle, isCrash ? 'CRASH' : 'NONE', isCrash ? crashDetails : 'Test failed but app is running');\n} else {\n  executionResults.logs.push({\n    timestamp: new Date().toISOString(),\n    testName: testTitle,\n    step: 'Test Execution Success',\n    result: 'SUCCESS',\n    remarks: 'All assertions verified'\n  });\n  recordPerformanceMetric('Crash Event', testTitle, 'NONE', 'No crash detected');\n}",
          "err": {},
          "uuid": "dec1b7bd-dad2-4844-bacf-3deba4b7018b",
          "parentUUID": "77f6cc67-786b-47f1-85ad-ba78dfc3ca79",
          "isHook": true,
          "skipped": false
        }
      ],
      "tests": [],
      "suites": [
        {
          "uuid": "5f236715-a740-4f93-b530-ab4445785b1b",
          "title": "Authentication Flow E2E Tests",
          "fullFile": "C:\\Users\\Amrutha\\Downloads\\pdd\\Smart-budget\\tests\\auth.test.js",
          "file": "\\tests\\auth.test.js",
          "beforeHooks": [
            {
              "title": "\"before all\" hook",
              "fullTitle": "Authentication Flow E2E Tests \"before all\" hook",
              "timedOut": false,
              "duration": 0,
              "state": null,
              "speed": null,
              "pass": false,
              "fail": false,
              "pending": false,
              "context": null,
              "code": "// Assert page loaded\nconst loaded = await loginPage.isLoaded();\nexpect(loaded).to.be.true;\nlogger.info('Login Page loaded successfully.');",
              "err": {},
              "uuid": "01fdd638-c3b0-45de-889c-f90573137c96",
              "parentUUID": null,
              "isHook": true,
              "skipped": false
            }
          ],
          "afterHooks": [],
          "tests": [
            {
              "title": "TC_AUTH_001 - Should validate empty username input",
              "fullTitle": "Authentication Flow E2E Tests TC_AUTH_001 - Should validate empty username input",
              "timedOut": false,
              "duration": 0,
              "state": null,
              "speed": null,
              "pass": false,
              "fail": false,
              "pending": false,
              "context": null,
              "code": "const data = testData.auth.emptyUsername;\nlogger.info('Running authentication check: empty username.');\n\nawait loginPage.login(data.username, data.password);\n\n// Capture element warning validation error text\nconst errorText = await loginPage.getUsernameErrorText();\nexpect(errorText).to.equal(data.expectedUsernameError);",
              "err": {},
              "uuid": "6eddcc55-6ed8-443b-bdbb-638407939345",
              "parentUUID": null,
              "isHook": false,
              "skipped": true
            },
            {
              "title": "TC_AUTH_002 - Should validate empty password input",
              "fullTitle": "Authentication Flow E2E Tests TC_AUTH_002 - Should validate empty password input",
              "timedOut": false,
              "duration": 0,
              "state": null,
              "speed": null,
              "pass": false,
              "fail": false,
              "pending": false,
              "context": null,
              "code": "const data = testData.auth.emptyPassword;\nlogger.info('Running authentication check: empty password.');\n\nawait loginPage.login(data.username, data.password);\n\nconst errorText = await loginPage.getPasswordErrorText();\nexpect(errorText).to.equal(data.expectedPasswordError);",
              "err": {},
              "uuid": "3e4900b4-7a02-41cb-a656-6fa2514d857a",
              "parentUUID": null,
              "isHook": false,
              "skipped": true
            },
            {
              "title": "TC_AUTH_003 - Should validate invalid credentials and error banners",
              "fullTitle": "Authentication Flow E2E Tests TC_AUTH_003 - Should validate invalid credentials and error banners",
              "timedOut": false,
              "duration": 0,
              "state": null,
              "speed": null,
              "pass": false,
              "fail": false,
              "pending": false,
              "context": null,
              "code": "const data = testData.auth.invalidCredentials;\nlogger.info('Running authentication check: invalid credentials.');\n\nawait loginPage.login(data.username, data.password);\n\nconst errorText = await loginPage.getAuthErrorText();\nexpect(errorText).to.contain(data.expectedAuthError);",
              "err": {},
              "uuid": "38f5fbcd-46f1-4754-bdbf-3e05aaba9115",
              "parentUUID": null,
              "isHook": false,
              "skipped": true
            },
            {
              "title": "TC_AUTH_004 - Should perform successful user login & dashboard navigation",
              "fullTitle": "Authentication Flow E2E Tests TC_AUTH_004 - Should perform successful user login & dashboard navigation",
              "timedOut": false,
              "duration": 0,
              "state": null,
              "speed": null,
              "pass": false,
              "fail": false,
              "pending": false,
              "context": null,
              "code": "const data = testData.auth.validCredentials;\nlogger.info('Running authentication check: valid credentials.');\nconst appLaunchStart = Date.now();\nawait loginPage.login(data.username, data.password);\n\n// Verify dashboard displays\nconst isDashboard = await dashboardPage.isLoaded();\nconst appLaunchDuration = Date.now() - appLaunchStart;\n\nrecordPerformanceMetric('Screen Load Time', 'Dashboard Page', appLaunchDuration, 'Dashboard loaded successfully after authentication');\nlogger.info(`App Login & Load time: ${appLaunchDuration}ms`);\nexpect(isDashboard).to.be.true;",
              "err": {},
              "uuid": "369a0a22-940f-4765-9b94-1a1f469c17d4",
              "parentUUID": null,
              "isHook": false,
              "skipped": true
            },
            {
              "title": "TC_AUTH_005 - Should verify session persistence on app relaunch",
              "fullTitle": "Authentication Flow E2E Tests TC_AUTH_005 - Should verify session persistence on app relaunch",
              "timedOut": false,
              "duration": 0,
              "state": null,
              "speed": null,
              "pass": false,
              "fail": false,
              "pending": false,
              "context": null,
              "code": "logger.info('Running session persistence check...');\n\n// Relaunch the app without resetting the state (simulated session persistence check)\nawait loginPage.driver.backgroundApp(3); // Backgrounds app for 3 seconds and restores it\n\nconst isDashboard = await dashboardPage.isLoaded();\nexpect(isDashboard).to.be.true;",
              "err": {},
              "uuid": "a52f0bba-25bb-4546-82c3-4f333b50001c",
              "parentUUID": null,
              "isHook": false,
              "skipped": true
            },
            {
              "title": "TC_AUTH_006 - Should validate logout and return to login screen",
              "fullTitle": "Authentication Flow E2E Tests TC_AUTH_006 - Should validate logout and return to login screen",
              "timedOut": false,
              "duration": 0,
              "state": null,
              "speed": null,
              "pass": false,
              "fail": false,
              "pending": false,
              "context": null,
              "code": "logger.info('Running logout checks...');\n\nawait dashboardPage.logout();\n\nconst isLoginLoaded = await loginPage.isLoaded();\nexpect(isLoginLoaded).to.be.true;",
              "err": {},
              "uuid": "fcf11daf-da1d-4189-a469-5a44442d7e64",
              "parentUUID": null,
              "isHook": false,
              "skipped": true
            }
          ],
          "suites": [],
          "passes": [],
          "failures": [],
          "pending": [],
          "skipped": [
            "6eddcc55-6ed8-443b-bdbb-638407939345",
            "3e4900b4-7a02-41cb-a656-6fa2514d857a",
            "38f5fbcd-46f1-4754-bdbf-3e05aaba9115",
            "369a0a22-940f-4765-9b94-1a1f469c17d4",
            "a52f0bba-25bb-4546-82c3-4f333b50001c",
            "fcf11daf-da1d-4189-a469-5a44442d7e64"
          ],
          "duration": 0,
          "root": false,
          "rootEmpty": false,
          "_timeout": 60000
        },
        {
          "uuid": "112de8a0-65dd-421c-95ca-357f12190a65",
          "title": "Form Validation E2E Tests",
          "fullFile": "C:\\Users\\Amrutha\\Downloads\\pdd\\Smart-budget\\tests\\form.test.js",
          "file": "\\tests\\form.test.js",
          "beforeHooks": [
            {
              "title": "\"before all\" hook",
              "fullTitle": "Form Validation E2E Tests \"before all\" hook",
              "timedOut": false,
              "duration": 0,
              "state": null,
              "speed": null,
              "pass": false,
              "fail": false,
              "pending": false,
              "context": null,
              "code": "// Authenticate first and navigate to forms module\nlogger.info('Authenticating to reach form validations...');\nawait loginPage.login(testData.auth.validCredentials.username, testData.auth.validCredentials.password);\nconst startFormLoad = Date.now();\nawait dashboardPage.navigateToForms();\nconst formLoadTime = Date.now() - startFormLoad;\nrecordPerformanceMetric('Screen Load Time', 'Form Page', formLoadTime, 'Form page loaded successfully');",
              "err": {},
              "uuid": "8ba6bda5-fd09-4217-b747-b8ddaf41237e",
              "parentUUID": null,
              "isHook": true,
              "skipped": false
            }
          ],
          "afterHooks": [
            {
              "title": "\"after all\" hook",
              "fullTitle": "Form Validation E2E Tests \"after all\" hook",
              "timedOut": false,
              "duration": 0,
              "state": null,
              "speed": null,
              "pass": false,
              "fail": false,
              "pending": false,
              "context": null,
              "code": "// Return to dashboard for cleanup\nawait dashboardPage.driver.back();",
              "err": {},
              "uuid": "fcac1012-f774-4c2c-ac2b-906063a87234",
              "parentUUID": null,
              "isHook": true,
              "skipped": false
            }
          ],
          "tests": [
            {
              "title": "TC_FORM_001 - Should validate incorrect email format",
              "fullTitle": "Form Validation E2E Tests TC_FORM_001 - Should validate incorrect email format",
              "timedOut": false,
              "duration": 0,
              "state": null,
              "speed": null,
              "pass": false,
              "fail": false,
              "pending": false,
              "context": null,
              "code": "const data = testData.formValidations.invalidEmail;\nlogger.info('Testing email format validation...');\n\nawait formPage.fillForm(data);\nawait formPage.submit();\n\nconst errorText = await formPage.getEmailErrorText();\nexpect(errorText).to.equal(data.expectedEmailError);",
              "err": {},
              "uuid": "24ed0d01-81ff-4886-94ee-ae1be8b38c47",
              "parentUUID": null,
              "isHook": false,
              "skipped": true
            },
            {
              "title": "TC_FORM_002 - Should validate phone numbers constraints",
              "fullTitle": "Form Validation E2E Tests TC_FORM_002 - Should validate phone numbers constraints",
              "timedOut": false,
              "duration": 0,
              "state": null,
              "speed": null,
              "pass": false,
              "fail": false,
              "pending": false,
              "context": null,
              "code": "const data = testData.formValidations.invalidPhone;\nlogger.info('Testing phone digits validation...');\n\nawait formPage.fillForm(data);\nawait formPage.submit();\n\nconst errorText = await formPage.getPhoneErrorText();\nexpect(errorText).to.equal(data.expectedPhoneError);",
              "err": {},
              "uuid": "904804ed-e00c-482a-985b-9db05e70ab2b",
              "parentUUID": null,
              "isHook": false,
              "skipped": true
            },
            {
              "title": "TC_FORM_003 - Should validate password strength requirement checks",
              "fullTitle": "Form Validation E2E Tests TC_FORM_003 - Should validate password strength requirement checks",
              "timedOut": false,
              "duration": 0,
              "state": null,
              "speed": null,
              "pass": false,
              "fail": false,
              "pending": false,
              "context": null,
              "code": "const data = testData.formValidations.weakPassword;\nlogger.info('Testing password complexity validations...');\n\nawait formPage.fillForm(data);\nawait formPage.submit();\n\nconst errorText = await formPage.getPasswordErrorText();\nexpect(errorText).to.equal(data.expectedPasswordError);",
              "err": {},
              "uuid": "0461be13-657c-4118-a9ac-197e326cabd3",
              "parentUUID": null,
              "isHook": false,
              "skipped": true
            },
            {
              "title": "TC_FORM_004 - Should validate mandatory checkbox selections",
              "fullTitle": "Form Validation E2E Tests TC_FORM_004 - Should validate mandatory checkbox selections",
              "timedOut": false,
              "duration": 0,
              "state": null,
              "speed": null,
              "pass": false,
              "fail": false,
              "pending": false,
              "context": null,
              "code": "const data = testData.formValidations.uncheckedTerms;\nlogger.info('Testing unchecked terms checkbox validation...');\n\nawait formPage.fillForm(data);\nawait formPage.submit();\n\nconst errorText = await formPage.getCheckboxErrorText();\nexpect(errorText).to.equal(data.expectedCheckboxError);",
              "err": {},
              "uuid": "4e96313f-ec57-40c0-9ea4-46bc5fc33d38",
              "parentUUID": null,
              "isHook": false,
              "skipped": true
            },
            {
              "title": "TC_FORM_005 - Should submit form successfully with valid inputs, dates, & dropdowns",
              "fullTitle": "Form Validation E2E Tests TC_FORM_005 - Should submit form successfully with valid inputs, dates, & dropdowns",
              "timedOut": false,
              "duration": 0,
              "state": null,
              "speed": null,
              "pass": false,
              "fail": false,
              "pending": false,
              "context": null,
              "code": "const data = testData.formValidations.validSubmission;\nlogger.info('Testing standard valid form submission...');\n\nawait formPage.fillForm(data);\n\n// Test custom Android widgets\nlogger.info('Testing date picker and calendar views...');\nawait formPage.setCalendarDay('15');\n\nconst startSubmit = Date.now();\nawait formPage.submit();\n\n// Capture toast notification confirmation\nconst toastMsg = await formPage.getToastMessage();\nconst apiDelay = Date.now() - startSubmit;\nrecordPerformanceMetric('API Response Delay', 'Form Submission Service', apiDelay, `Form submission API response delay. Toast: \"${toastMsg}\"`);\nexpect(toastMsg).to.contain('Form Submitted Successfully');",
              "err": {},
              "uuid": "28c2a0d4-d3af-4a04-a679-5458741490d1",
              "parentUUID": null,
              "isHook": false,
              "skipped": true
            }
          ],
          "suites": [],
          "passes": [],
          "failures": [],
          "pending": [],
          "skipped": [
            "24ed0d01-81ff-4886-94ee-ae1be8b38c47",
            "904804ed-e00c-482a-985b-9db05e70ab2b",
            "0461be13-657c-4118-a9ac-197e326cabd3",
            "4e96313f-ec57-40c0-9ea4-46bc5fc33d38",
            "28c2a0d4-d3af-4a04-a679-5458741490d1"
          ],
          "duration": 0,
          "root": false,
          "rootEmpty": false,
          "_timeout": 60000
        },
        {
          "uuid": "95f813ac-ce5e-43d2-bfca-b9ebdbb9523b",
          "title": "Mobile UI Components and Gesture Tests",
          "fullFile": "C:\\Users\\Amrutha\\Downloads\\pdd\\Smart-budget\\tests\\ui.test.js",
          "file": "\\tests\\ui.test.js",
          "beforeHooks": [
            {
              "title": "\"before all\" hook",
              "fullTitle": "Mobile UI Components and Gesture Tests \"before all\" hook",
              "timedOut": false,
              "duration": 0,
              "state": null,
              "speed": null,
              "pass": false,
              "fail": false,
              "pending": false,
              "context": null,
              "code": "logger.info('Authenticating user for UI gestures testing...');\nawait loginPage.login(testData.auth.validCredentials.username, testData.auth.validCredentials.password);",
              "err": {},
              "uuid": "c8e45f1b-b403-4fac-a530-008a04e7c41d",
              "parentUUID": null,
              "isHook": true,
              "skipped": false
            }
          ],
          "afterHooks": [
            {
              "title": "\"after all\" hook",
              "fullTitle": "Mobile UI Components and Gesture Tests \"after all\" hook",
              "timedOut": false,
              "duration": 0,
              "state": null,
              "speed": null,
              "pass": false,
              "fail": false,
              "pending": false,
              "context": null,
              "code": "// Return app to dashboard state\nawait dashboardPage.driver.pause(1000);",
              "err": {},
              "uuid": "117dfde1-682f-49eb-b0c0-fcc416028400",
              "parentUUID": null,
              "isHook": true,
              "skipped": false
            }
          ],
          "tests": [
            {
              "title": "TC_UI_001 - Should perform and validate Swipe gestures",
              "fullTitle": "Mobile UI Components and Gesture Tests TC_UI_001 - Should perform and validate Swipe gestures",
              "timedOut": false,
              "duration": 0,
              "state": null,
              "speed": null,
              "pass": false,
              "fail": false,
              "pending": false,
              "context": null,
              "code": "logger.info('Executing Swipe Left and Swipe Right...');\n// Swipe left to open side metrics or transaction graphs\nawait gestureUtils.swipeLeft();\nlogger.info('Swiped Left successfully.');\n\n// Swipe back to the main layout\nawait gestureUtils.swipeRight();\nlogger.info('Swiped Right successfully.');",
              "err": {},
              "uuid": "da74625a-5172-455f-8c52-efa1277e5823",
              "parentUUID": null,
              "isHook": false,
              "skipped": true
            },
            {
              "title": "TC_UI_002 - Should perform Double Tap & Long Press on target controls",
              "fullTitle": "Mobile UI Components and Gesture Tests TC_UI_002 - Should perform Double Tap & Long Press on target controls",
              "timedOut": false,
              "duration": 0,
              "state": null,
              "speed": null,
              "pass": false,
              "fail": false,
              "pending": false,
              "context": null,
              "code": "// Locate target widget (e.g. quick expense card or quick menu item)\nconst quickMetricCard = 'id=com.iamlokesh.smartbudget:id/quick_metric_card';\n\nlogger.info('Executing Double Tap on card element...');\nconst cardElement = await dashboardPage.waitForVisible(quickMetricCard);\nawait gestureUtils.doubleTap(cardElement);\n\nlogger.info('Executing Long Press on card element...');\nawait gestureUtils.longPress(cardElement, 2000);",
              "err": {},
              "uuid": "42493716-61d4-4c4f-8340-0a6e5fbb5d4b",
              "parentUUID": null,
              "isHook": false,
              "skipped": true
            },
            {
              "title": "TC_UI_003 - Should scroll RecyclerView layout until a target card is visible",
              "fullTitle": "Mobile UI Components and Gesture Tests TC_UI_003 - Should scroll RecyclerView layout until a target card is visible",
              "timedOut": false,
              "duration": 0,
              "state": null,
              "speed": null,
              "pass": false,
              "fail": false,
              "pending": false,
              "context": null,
              "code": "// Scroll list down to locate transaction cards or buttons\nconst transactionIdLocator = '//android.widget.TextView[@text=\"Transaction ID: #4829\"]';\n\nlogger.info('Scrolling list to find a deep transaction item...');\nconst targetElement = await gestureUtils.scrollUntilVisible(transactionIdLocator, 'down', 8);\nexpect(await targetElement.isDisplayed()).to.be.true;",
              "err": {},
              "uuid": "9e82f16c-16cb-4be7-80b5-73d83a531bca",
              "parentUUID": null,
              "isHook": false,
              "skipped": true
            },
            {
              "title": "TC_UI_004 - Should perform Drag and Drop operations",
              "fullTitle": "Mobile UI Components and Gesture Tests TC_UI_004 - Should perform Drag and Drop operations",
              "timedOut": false,
              "duration": 0,
              "state": null,
              "speed": null,
              "pass": false,
              "fail": false,
              "pending": false,
              "context": null,
              "code": "const sourceWidget = 'id=com.iamlokesh.smartbudget:id/drag_source';\nconst targetWidget = 'id=com.iamlokesh.smartbudget:id/drag_target';\n\nlogger.info('Waiting for draggable components...');\nconst source = await dashboardPage.waitForVisible(sourceWidget);\nconst target = await dashboardPage.waitForVisible(targetWidget);\n\nlogger.info('Executing Drag and Drop interaction...');\nawait gestureUtils.dragAndDrop(source, target);",
              "err": {},
              "uuid": "743e39a8-06b2-4e9c-b98a-12b7453fc091",
              "parentUUID": null,
              "isHook": false,
              "skipped": true
            },
            {
              "title": "TC_UI_005 - Should perform Pinch & Zoom gestures on visual analytics components",
              "fullTitle": "Mobile UI Components and Gesture Tests TC_UI_005 - Should perform Pinch & Zoom gestures on visual analytics components",
              "timedOut": false,
              "duration": 0,
              "state": null,
              "speed": null,
              "pass": false,
              "fail": false,
              "pending": false,
              "context": null,
              "code": "const analyticsChart = 'id=com.iamlokesh.smartbudget:id/savings_progress_chart';\n\nlogger.info('Locating analytics graph component...');\nconst chart = await dashboardPage.waitForVisible(analyticsChart);\n\nlogger.info('Performing Zoom-in gesture...');\nawait gestureUtils.zoom(chart);\n\nlogger.info('Performing Pinch-out gesture...');\nawait gestureUtils.pinch(chart);",
              "err": {},
              "uuid": "c2186bcf-d063-401b-9e2f-a18c274f63c5",
              "parentUUID": null,
              "isHook": false,
              "skipped": true
            },
            {
              "title": "TC_UI_006 - Should assert alerts, toasts, snackbars, and progress bar state transitions",
              "fullTitle": "Mobile UI Components and Gesture Tests TC_UI_006 - Should assert alerts, toasts, snackbars, and progress bar state transitions",
              "timedOut": false,
              "duration": 0,
              "state": null,
              "speed": null,
              "pass": false,
              "fail": false,
              "pending": false,
              "context": null,
              "code": "// Trigger loading spinner overlay\nconst refreshBtn = 'id=com.iamlokesh.smartbudget:id/refresh_dashboard_btn';\nconst progressBar = 'id=com.iamlokesh.smartbudget:id/dashboard_progress_bar';\n\nlogger.info('Clicking Refresh to trigger loading dialogs...');\nawait dashboardPage.clickElement(refreshBtn);\n\n// Check loading indicator shows up\nconst spinnerVisible = await dashboardPage.isElementVisible(progressBar);\nlogger.info(`Refresh Spinner Visible: ${spinnerVisible}`);\n\n// Wait for loader to disappear\nconst driver = dashboardPage.driver;\nawait driver.waitUntil(\n  async () => (await dashboardPage.isElementVisible(progressBar)) === false,\n  { timeout: 8000, timeoutMsg: 'Progress spinner did not dismiss within timeout.' }\n);\n\nlogger.info('Refresh completed, loading spinner hidden.');",
              "err": {},
              "uuid": "43920fe1-47c2-4a42-b2d5-f1ea35765c47",
              "parentUUID": null,
              "isHook": false,
              "skipped": true
            }
          ],
          "suites": [],
          "passes": [],
          "failures": [],
          "pending": [],
          "skipped": [
            "da74625a-5172-455f-8c52-efa1277e5823",
            "42493716-61d4-4c4f-8340-0a6e5fbb5d4b",
            "9e82f16c-16cb-4be7-80b5-73d83a531bca",
            "743e39a8-06b2-4e9c-b98a-12b7453fc091",
            "c2186bcf-d063-401b-9e2f-a18c274f63c5",
            "43920fe1-47c2-4a42-b2d5-f1ea35765c47"
          ],
          "duration": 0,
          "root": false,
          "rootEmpty": false,
          "_timeout": 90000
        }
      ],
      "passes": [],
      "failures": [],
      "pending": [],
      "skipped": [],
      "duration": 0,
      "root": true,
      "rootEmpty": true,
      "_timeout": 120000
    }
  ],
  "meta": {
    "mocha": {
      "version": "10.8.2"
    },
    "mochawesome": {
      "options": {
        "quiet": false,
        "reportFilename": "mochawesome",
        "saveHtml": true,
        "saveJson": true,
        "consoleReporter": "spec",
        "useInlineDiffs": false,
        "code": true
      },
      "version": "7.1.4"
    },
    "marge": {
      "options": {
        "reportDir": "reports",
        "reportFilename": "mochawesome",
        "html": "true",
        "json": "true"
      },
      "version": "6.3.2"
    }
  }
}